C:\USERS\KHKIM\DESKTOP\VC++멀티강의2014-NEW\5강 완성\5강 실습03 클래스_수정\5강 실습02 클래스_수정\05-05.HELLOAPI_생성자와 상속\HELLOAPI\DEBUG\HELLOAPI.OBJ
C:\USERS\KHKIM\DESKTOP\VC++멀티강의2014-NEW\5강 완성\5강 실습03 클래스_수정\5강 실습02 클래스_수정\05-05.HELLOAPI_생성자와 상속\HELLOAPI\DEBUG\STUDENT.OBJ
C:\USERS\KHKIM\DESKTOP\VC++멀티강의2014-NEW\5강 완성\5강 실습03 클래스_수정\5강 실습02 클래스_수정\05-05.HELLOAPI_생성자와 상속\HELLOAPI\DEBUG\VC110.PDB
C:\USERS\KHKIM\DESKTOP\VC++멀티강의2014-NEW\5강 완성\5강 실습03 클래스_수정\5강 실습02 클래스_수정\05-05.HELLOAPI_생성자와 상속\HELLOAPI\DEBUG\HELLOAPI.ILK
C:\USERS\KHKIM\DESKTOP\VC++멀티강의2014-NEW\5강 완성\5강 실습03 클래스_수정\5강 실습02 클래스_수정\05-05.HELLOAPI_생성자와 상속\HELLOAPI\DEBUG\HELLOAPI.EXE
C:\USERS\KHKIM\DESKTOP\VC++멀티강의2014-NEW\5강 완성\5강 실습03 클래스_수정\5강 실습02 클래스_수정\05-05.HELLOAPI_생성자와 상속\HELLOAPI\DEBUG\HELLOAPI.PDB
C:\Users\khkim\Desktop\VC++멀티강의2014-new\5강 완성\5강 실습03 클래스_수정\5강 실습02 클래스_수정\05-05.HelloAPI_생성자와 상속\HelloAPI\Debug\HelloAPI.obj
C:\Users\khkim\Desktop\VC++멀티강의2014-new\5강 완성\5강 실습03 클래스_수정\5강 실습02 클래스_수정\05-05.HelloAPI_생성자와 상속\HelloAPI\Debug\student.obj
C:\Users\khkim\Desktop\VC++멀티강의2014-new\5강 완성\5강 실습03 클래스_수정\5강 실습02 클래스_수정\05-05.HelloAPI_생성자와 상속\HelloAPI\Debug\HelloAPI.ilk
C:\Users\khkim\Desktop\VC++멀티강의2014-new\5강 완성\5강 실습03 클래스_수정\5강 실습02 클래스_수정\05-05.HelloAPI_생성자와 상속\HelloAPI\Debug\cl.command.1.tlog
C:\Users\khkim\Desktop\VC++멀티강의2014-new\5강 완성\5강 실습03 클래스_수정\5강 실습02 클래스_수정\05-05.HelloAPI_생성자와 상속\HelloAPI\Debug\CL.read.1.tlog
C:\Users\khkim\Desktop\VC++멀티강의2014-new\5강 완성\5강 실습03 클래스_수정\5강 실습02 클래스_수정\05-05.HelloAPI_생성자와 상속\HelloAPI\Debug\CL.write.1.tlog
C:\Users\khkim\Desktop\VC++멀티강의2014-new\5강 완성\5강 실습03 클래스_수정\5강 실습02 클래스_수정\05-05.HelloAPI_생성자와 상속\HelloAPI\Debug\link-cvtres.read.1.tlog
C:\Users\khkim\Desktop\VC++멀티강의2014-new\5강 완성\5강 실습03 클래스_수정\5강 실습02 클래스_수정\05-05.HelloAPI_생성자와 상속\HelloAPI\Debug\link-cvtres.write.1.tlog
C:\Users\khkim\Desktop\VC++멀티강의2014-new\5강 완성\5강 실습03 클래스_수정\5강 실습02 클래스_수정\05-05.HelloAPI_생성자와 상속\HelloAPI\Debug\link-rc.read.1.tlog
C:\Users\khkim\Desktop\VC++멀티강의2014-new\5강 완성\5강 실습03 클래스_수정\5강 실습02 클래스_수정\05-05.HelloAPI_생성자와 상속\HelloAPI\Debug\link-rc.write.1.tlog
C:\Users\khkim\Desktop\VC++멀티강의2014-new\5강 완성\5강 실습03 클래스_수정\5강 실습02 클래스_수정\05-05.HelloAPI_생성자와 상속\HelloAPI\Debug\link.command.1.tlog
C:\Users\khkim\Desktop\VC++멀티강의2014-new\5강 완성\5강 실습03 클래스_수정\5강 실습02 클래스_수정\05-05.HelloAPI_생성자와 상속\HelloAPI\Debug\link.read.1.tlog
C:\Users\khkim\Desktop\VC++멀티강의2014-new\5강 완성\5강 실습03 클래스_수정\5강 실습02 클래스_수정\05-05.HelloAPI_생성자와 상속\HelloAPI\Debug\link.write.1.tlog
C:\Users\khkim\Desktop\VC++멀티강의2014-new\5강 완성\5강 실습03 클래스_수정\5강 실습02 클래스_수정\05-05.HelloAPI_생성자와 상속\HelloAPI\Debug\vc110.idb
C:\Users\khkim\Desktop\VC++멀티강의2014-new\5강 완성\5강 실습03 클래스_수정\5강 실습02 클래스_수정\05-05.HelloAPI_생성자와 상속\HelloAPI\Debug\HelloAPI.pdb
C:\Users\khkim\Desktop\VC++멀티강의2014-new\5강 완성\5강 실습03 클래스_수정\5강 실습02 클래스_수정\05-05.HelloAPI_생성자와 상속\HelloAPI\Debug\vc110.pdb
C:\Users\khkim\Desktop\VC++멀티강의2014-new\5강 완성\5강 실습03 클래스_수정\5강 실습02 클래스_수정\05-05.HelloAPI_생성자와 상속\HelloAPI\Debug\HelloAPI.exe
